{"C:\\Users\\super\\OneDrive\\Documentos\\BioWaste\\src\\common\\contants.jsx": {"path":"C:\\Users\\super\\OneDrive\\Documentos\\BioWaste\\src\\common\\contants.jsx","statementMap":{"0":{"start":{"line":1,"column":31},"end":{"line":1,"column":36}},"1":{"start":{"line":2,"column":30},"end":{"line":2,"column":42}},"2":{"start":{"line":4,"column":16},"end":{"line":4,"column":39}},"3":{"start":{"line":5,"column":16},"end":{"line":5,"column":18}},"4":{"start":{"line":7,"column":19},"end":{"line":7,"column":25}},"5":{"start":{"line":11,"column":28},"end":{"line":11,"column":124}}},"fnMap":{},"branchMap":{},"s":{"0":1,"1":1,"2":1,"3":1,"4":1,"5":1},"f":{},"b":{},"_coverageSchema":"1a1c01bbd47fc00a2c39e90264f33305004495a9","hash":"0194bfb0c68e34347ecc746e0972f6a85439de55"}
,"C:\\Users\\super\\OneDrive\\Documentos\\BioWaste\\src\\common\\components\\FooterTitles.jsx": {"path":"C:\\Users\\super\\OneDrive\\Documentos\\BioWaste\\src\\common\\components\\FooterTitles.jsx","statementMap":{"0":{"start":{"line":3,"column":21},"end":{"line":11,"column":1}},"1":{"start":{"line":4,"column":2},"end":{"line":10,"column":3}}},"fnMap":{"0":{"name":"(anonymous_0)","decl":{"start":{"line":3,"column":21},"end":{"line":3,"column":22}},"loc":{"start":{"line":3,"column":27},"end":{"line":11,"column":1}},"line":3}},"branchMap":{},"s":{"0":1,"1":1},"f":{"0":1},"b":{},"_coverageSchema":"1a1c01bbd47fc00a2c39e90264f33305004495a9","hash":"f80a6daeba7a9e082f4ecac9a2671c6e282acbad"}
,"C:\\Users\\super\\OneDrive\\Documentos\\BioWaste\\src\\pages\\Home\\components\\ContactoFooter.jsx": {"path":"C:\\Users\\super\\OneDrive\\Documentos\\BioWaste\\src\\pages\\Home\\components\\ContactoFooter.jsx","statementMap":{"0":{"start":{"line":4,"column":23},"end":{"line":15,"column":1}},"1":{"start":{"line":5,"column":2},"end":{"line":14,"column":3}}},"fnMap":{"0":{"name":"(anonymous_0)","decl":{"start":{"line":4,"column":23},"end":{"line":4,"column":24}},"loc":{"start":{"line":4,"column":29},"end":{"line":15,"column":1}},"line":4}},"branchMap":{},"s":{"0":1,"1":1},"f":{"0":1},"b":{},"_coverageSchema":"1a1c01bbd47fc00a2c39e90264f33305004495a9","hash":"7b1cff9b5afdcb6ecf3e13a9ef1c4ddfd93cc56d"}
}
